# JRE version: OpenJDK Runtime Environment (8.0_76-b03) (build 1.8.0_76-release-b03)
# Java VM: OpenJDK 64-Bit Server VM (25.76-b03 mixed mode linux-amd64 compressed oops)
Heap:
 PSYoungGen      total 232960K, used 0K [0x00000000eab00000, 0x0000000100000000, 0x0000000100000000)
  eden space 116736K, 0% used [0x00000000eab00000,0x00000000eab00000,0x00000000f1d00000)
  from space 116224K, 0% used [0x00000000f1d00000,0x00000000f1d00000,0x00000000f8e80000)
  to   space 116224K, 0% used [0x00000000f8e80000,0x00000000f8e80000,0x0000000100000000)
 ParOldGen       total 311808K, used 176744K [0x00000000c0000000, 0x00000000d3080000, 0x00000000eab00000)
  object space 311808K, 56% used [0x00000000c0000000,0x00000000cac9a390,0x00000000d3080000)
 Metaspace       used 6362K, capacity 7152K, committed 7296K, reserved 1056768K
  class space    used 591K, capacity 616K, committed 640K, reserved 1048576K
GC Heap History (10 events):
Event: 34,872 GC heap after
Heap after GC invocations=15 (full 3):
 PSYoungGen      total 264192K, used 0K [0x00000000eab00000, 0x0000000100000000, 0x0000000100000000)
  eden space 180224K, 0% used [0x00000000eab00000,0x00000000eab00000,0x00000000f5b00000)
  from space 83968K, 0% used [0x00000000f5b00000,0x00000000f5b00000,0x00000000fad00000)
  to   space 84992K, 0% used [0x00000000fad00000,0x00000000fad00000,0x0000000100000000)
 ParOldGen       total 311808K, used 141689K [0x00000000c0000000, 0x00000000d3080000, 0x00000000eab00000)
  object space 311808K, 45% used [0x00000000c0000000,0x00000000c8a5e428,0x00000000d3080000)
 Metaspace       used 6334K, capacity 7152K, committed 7296K, reserved 1056768K
  class space    used 591K, capacity 616K, committed 640K, reserved 1048576K
}
Event: 35,058 GC heap before
{Heap before GC invocations=16 (full 3):
 PSYoungGen      total 264192K, used 180224K [0x00000000eab00000, 0x0000000100000000, 0x0000000100000000)
  eden space 180224K, 100% used [0x00000000eab00000,0x00000000f5b00000,0x00000000f5b00000)
  from space 83968K, 0% used [0x00000000f5b00000,0x00000000f5b00000,0x00000000fad00000)
  to   space 84992K, 0% used [0x00000000fad00000,0x00000000fad00000,0x0000000100000000)
 ParOldGen       total 311808K, used 141689K [0x00000000c0000000, 0x00000000d3080000, 0x00000000eab00000)
  object space 311808K, 45% used [0x00000000c0000000,0x00000000c8a5e428,0x00000000d3080000)
 Metaspace       used 6341K, capacity 7152K, committed 7296K, reserved 1056768K
  class space    used 591K, capacity 616K, committed 640K, reserved 1048576K
Event: 35,095 GC heap after
Heap after GC invocations=16 (full 3):
 PSYoungGen      total 201728K, used 84960K [0x00000000eab00000, 0x0000000100000000, 0x0000000100000000)
  eden space 116736K, 0% used [0x00000000eab00000,0x00000000eab00000,0x00000000f1d00000)
  from space 84992K, 99% used [0x00000000fad00000,0x00000000ffff8240,0x0000000100000000)
  to   space 116224K, 0% used [0x00000000f1d00000,0x00000000f1d00000,0x00000000f8e80000)
 ParOldGen       total 311808K, used 148497K [0x00000000c0000000, 0x00000000d3080000, 0x00000000eab00000)
  object space 311808K, 47% used [0x00000000c0000000,0x00000000c9104428,0x00000000d3080000)
 Metaspace       used 6341K, capacity 7152K, committed 7296K, reserved 1056768K
  class space    used 591K, capacity 616K, committed 640K, reserved 1048576K
}
Event: 35,471 GC heap before
{Heap before GC invocations=17 (full 3):
 PSYoungGen      total 201728K, used 201696K [0x00000000eab00000, 0x0000000100000000, 0x0000000100000000)
  eden space 116736K, 100% used [0x00000000eab00000,0x00000000f1d00000,0x00000000f1d00000)
  from space 84992K, 99% used [0x00000000fad00000,0x00000000ffff8240,0x0000000100000000)
  to   space 116224K, 0% used [0x00000000f1d00000,0x00000000f1d00000,0x00000000f8e80000)
 ParOldGen       total 311808K, used 148497K [0x00000000c0000000, 0x00000000d3080000, 0x00000000eab00000)
  object space 311808K, 47% used [0x00000000c0000000,0x00000000c9104428,0x00000000d3080000)
 Metaspace       used 6347K, capacity 7152K, committed 7296K, reserved 1056768K
  class space    used 591K, capacity 616K, committed 640K, reserved 1048576K
Event: 35,560 GC heap after
Heap after GC invocations=17 (full 3):
 PSYoungGen      total 232960K, used 109330K [0x00000000eab00000, 0x0000000100000000, 0x0000000100000000)
  eden space 116736K, 0% used [0x00000000eab00000,0x00000000eab00000,0x00000000f1d00000)
  from space 116224K, 94% used [0x00000000f1d00000,0x00000000f87c49b0,0x00000000f8e80000)
  to   space 116224K, 0% used [0x00000000f8e80000,0x00000000f8e80000,0x0000000100000000)
 ParOldGen       total 311808K, used 148497K [0x00000000c0000000, 0x00000000d3080000, 0x00000000eab00000)
  object space 311808K, 47% used [0x00000000c0000000,0x00000000c9104428,0x00000000d3080000)
 Metaspace       used 6347K, capacity 7152K, committed 7296K, reserved 1056768K
  class space    used 591K, capacity 616K, committed 640K, reserved 1048576K
}
Event: 35,844 GC heap before
{Heap before GC invocations=18 (full 3):
 PSYoungGen      total 232960K, used 226066K [0x00000000eab00000, 0x0000000100000000, 0x0000000100000000)
  eden space 116736K, 100% used [0x00000000eab00000,0x00000000f1d00000,0x00000000f1d00000)
  from space 116224K, 94% used [0x00000000f1d00000,0x00000000f87c49b0,0x00000000f8e80000)
  to   space 116224K, 0% used [0x00000000f8e80000,0x00000000f8e80000,0x0000000100000000)
 ParOldGen       total 311808K, used 148497K [0x00000000c0000000, 0x00000000d3080000, 0x00000000eab00000)
  object space 311808K, 47% used [0x00000000c0000000,0x00000000c9104428,0x00000000d3080000)
 Metaspace       used 6352K, capacity 7152K, committed 7296K, reserved 1056768K
  class space    used 591K, capacity 616K, committed 640K, reserved 1048576K
Event: 35,907 GC heap after
Heap after GC invocations=18 (full 3):
 PSYoungGen      total 232960K, used 62734K [0x00000000eab00000, 0x0000000100000000, 0x0000000100000000)
  eden space 116736K, 0% used [0x00000000eab00000,0x00000000eab00000,0x00000000f1d00000)
  from space 116224K, 53% used [0x00000000f8e80000,0x00000000fcbc3928,0x0000000100000000)
  to   space 116224K, 0% used [0x00000000f1d00000,0x00000000f1d00000,0x00000000f8e80000)
 ParOldGen       total 311808K, used 233149K [0x00000000c0000000, 0x00000000d3080000, 0x00000000eab00000)
  object space 311808K, 74% used [0x00000000c0000000,0x00000000ce3af6f8,0x00000000d3080000)
 Metaspace       used 6352K, capacity 7152K, committed 7296K, reserved 1056768K
  class space    used 591K, capacity 616K, committed 640K, reserved 1048576K
}
Event: 36,161 GC heap before
{Heap before GC invocations=19 (full 3):
 PSYoungGen      total 232960K, used 179470K [0x00000000eab00000, 0x0000000100000000, 0x0000000100000000)
  eden space 116736K, 100% used [0x00000000eab00000,0x00000000f1d00000,0x00000000f1d00000)
  from space 116224K, 53% used [0x00000000f8e80000,0x00000000fcbc3928,0x0000000100000000)
  to   space 116224K, 0% used [0x00000000f1d00000,0x00000000f1d00000,0x00000000f8e80000)
 ParOldGen       total 311808K, used 233149K [0x00000000c0000000, 0x00000000d3080000, 0x00000000eab00000)
  object space 311808K, 74% used [0x00000000c0000000,0x00000000ce3af6f8,0x00000000d3080000)
 Metaspace       used 6362K, capacity 7152K, committed 7296K, reserved 1056768K
  class space    used 591K, capacity 616K, committed 640K, reserved 1048576K
Event: 36,264 GC heap after
Heap after GC invocations=19 (full 3):
 PSYoungGen      total 232960K, used 53283K [0x00000000eab00000, 0x0000000100000000, 0x0000000100000000)
  eden space 116736K, 0% used [0x00000000eab00000,0x00000000eab00000,0x00000000f1d00000)
  from space 116224K, 45% used [0x00000000f1d00000,0x00000000f5108eb8,0x00000000f8e80000)
  to   space 116224K, 0% used [0x00000000f8e80000,0x00000000f8e80000,0x0000000100000000)
 ParOldGen       total 311808K, used 294678K [0x00000000c0000000, 0x00000000d3080000, 0x00000000eab00000)
  object space 311808K, 94% used [0x00000000c0000000,0x00000000d1fc59f8,0x00000000d3080000)
 Metaspace       used 6362K, capacity 7152K, committed 7296K, reserved 1056768K
  class space    used 591K, capacity 616K, committed 640K, reserved 1048576K
}
Event: 36,264 GC heap before
{Heap before GC invocations=20 (full 4):
 PSYoungGen      total 232960K, used 53283K [0x00000000eab00000, 0x0000000100000000, 0x0000000100000000)
  eden space 116736K, 0% used [0x00000000eab00000,0x00000000eab00000,0x00000000f1d00000)
  from space 116224K, 45% used [0x00000000f1d00000,0x00000000f5108eb8,0x00000000f8e80000)
  to   space 116224K, 0% used [0x00000000f8e80000,0x00000000f8e80000,0x0000000100000000)
 ParOldGen       total 311808K, used 294678K [0x00000000c0000000, 0x00000000d3080000, 0x00000000eab00000)
  object space 311808K, 94% used [0x00000000c0000000,0x00000000d1fc59f8,0x00000000d3080000)
 Metaspace       used 6362K, capacity 7152K, committed 7296K, reserved 1056768K
  class space    used 591K, capacity 616K, committed 640K, reserved 1048576K

